[2015-09-28 16:57:40 [ERROR]] The path
                                #P"/home/vito/Source/github/wonder-color/pics/sad"
                              does not exist.
Backtrace for: #<SB-THREAD:THREAD "hunchentoot-worker-127.0.0.1:43330" RUNNING {1005934CF3}>
0: ((LAMBDA NIL :IN SB-DEBUG::FUNCALL-WITH-DEBUG-IO-SYNTAX))
1: (SB-IMPL::CALL-WITH-SANE-IO-SYNTAX #<CLOSURE (LAMBDA NIL :IN SB-DEBUG::FUNCALL-WITH-DEBUG-IO-SYNTAX) {1005B8563B}>)
2: (SB-IMPL::%WITH-STANDARD-IO-SYNTAX #<CLOSURE (LAMBDA NIL :IN SB-DEBUG::FUNCALL-WITH-DEBUG-IO-SYNTAX) {1005B8560B}>)
3: (PRINT-BACKTRACE :STREAM #<SB-IMPL::STRING-OUTPUT-STREAM {1005B85543}> :START 0 :FROM :DEBUGGER-FRAME :COUNT 4611686018427387903 :PRINT-THREAD T :PRINT-FRAME-SOURCE NIL :METHOD-FRAME-STYLE NIL)
4: (TRIVIAL-BACKTRACE:PRINT-BACKTRACE-TO-STREAM #<SB-IMPL::STRING-OUTPUT-STREAM {1005B85543}>)
5: (HUNCHENTOOT::GET-BACKTRACE)
6: ((FLET #:LAMBDA1063 :IN HUNCHENTOOT:HANDLE-REQUEST) #<SB-INT:SIMPLE-FILE-ERROR "~@<The path ~2I~_~S ~I~_does not exist.~:>" {1005A23B93}>)
7: (SIGNAL #<SB-INT:SIMPLE-FILE-ERROR "~@<The path ~2I~_~S ~I~_does not exist.~:>" {1005A23B93}>)
8: (ERROR SB-INT:SIMPLE-FILE-ERROR :PATHNAME #P"/home/vito/Source/github/wonder-color/pics/sad" :FORMAT-CONTROL "~@<The path ~2I~_~S ~I~_does not exist.~:>" :FORMAT-ARGUMENTS (#P"/home/vito/Source/github/wonder-color/pics/sad"))
9: ((FLET SB-IMPL::OPEN-ERROR :IN OPEN) "~@<The path ~2I~_~S ~I~_does not exist.~:>" #P"/home/vito/Source/github/wonder-color/pics/sad")
10: (OPEN "pics/sad" :DIRECTION :OUTPUT :ELEMENT-TYPE (UNSIGNED-BYTE 8) :IF-EXISTS :RENAME-AND-DELETE :IF-DOES-NOT-EXIST :CREATE :EXTERNAL-FORMAT :DEFAULT)
11: (WONDER-COLOR::CONTROLLER-DOWNLOAD-PIC)
12: ((:METHOD HUNCHENTOOT:HANDLE-REQUEST (HUNCHENTOOT:ACCEPTOR HUNCHENTOOT:REQUEST)) #<HUNCHENTOOT:EASY-ACCEPTOR (host *, port 5001)> #<HUNCHENTOOT:REQUEST {1005A1E343}>) [fast-method]
13: ((:METHOD HUNCHENTOOT:PROCESS-REQUEST (T)) #<HUNCHENTOOT:REQUEST {1005A1E343}>) [fast-method]
14: (HUNCHENTOOT::DO-WITH-ACCEPTOR-REQUEST-COUNT-INCREMENTED #<HUNCHENTOOT:EASY-ACCEPTOR (host *, port 5001)> #<CLOSURE (LAMBDA NIL :IN HUNCHENTOOT:PROCESS-CONNECTION) {1005A1D64B}>)
15: ((:METHOD HUNCHENTOOT:PROCESS-CONNECTION (HUNCHENTOOT:ACCEPTOR T)) #<HUNCHENTOOT:EASY-ACCEPTOR (host *, port 5001)> #<USOCKET:STREAM-USOCKET {1005933BF3}>) [fast-method]
16: ((:METHOD HUNCHENTOOT:PROCESS-CONNECTION :AROUND (HUNCHENTOOT:ACCEPTOR T)) #<HUNCHENTOOT:EASY-ACCEPTOR (host *, port 5001)> #<USOCKET:STREAM-USOCKET {1005933BF3}>) [fast-method]
17: ((FLET HUNCHENTOOT::PROCESS-CONNECTION% :IN HUNCHENTOOT::HANDLE-INCOMING-CONNECTION%) #<HUNCHENTOOT:EASY-ACCEPTOR (host *, port 5001)> #<USOCKET:STREAM-USOCKET {1005933BF3}>)
18: ((LAMBDA NIL :IN BORDEAUX-THREADS::BINDING-DEFAULT-SPECIALS))
19: ((FLET #:WITHOUT-INTERRUPTS-BODY-1226 :IN SB-THREAD::INITIAL-THREAD-FUNCTION-TRAMPOLINE))
20: ((FLET SB-THREAD::WITH-MUTEX-THUNK :IN SB-THREAD::INITIAL-THREAD-FUNCTION-TRAMPOLINE))
21: ((FLET #:WITHOUT-INTERRUPTS-BODY-660 :IN SB-THREAD::CALL-WITH-MUTEX))
22: (SB-THREAD::CALL-WITH-MUTEX #<CLOSURE (FLET SB-THREAD::WITH-MUTEX-THUNK :IN SB-THREAD::INITIAL-THREAD-FUNCTION-TRAMPOLINE) {7FFFF4D5EC9B}> #<SB-THREAD:MUTEX "thread result lock" owner: #<SB-THREAD:THREAD "hunchentoot-worker-127.0.0.1:43330" RUNNING {1005934CF3}>> NIL T NIL)
23: (SB-THREAD::INITIAL-THREAD-FUNCTION-TRAMPOLINE #<SB-THREAD:THREAD "hunchentoot-worker-127.0.0.1:43330" RUNNING {1005934CF3}> #S(SB-THREAD:SEMAPHORE :NAME "Thread setup semaphore" :%COUNT 0 :WAITCOUNT 0 :MUTEX #<SB-THREAD:MUTEX (free) {1005934D63}> :QUEUE #<SB-THREAD:WAITQUEUE  {1005934D93}>) #<CLOSURE (LAMBDA NIL :IN BORDEAUX-THREADS::BINDING-DEFAULT-SPECIALS) {1005934C7B}> NIL NIL NIL NIL)
24: ("foreign function: call_into_lisp")
25: ("foreign function: new_thread_trampoline")

[2015-09-28 17:52:06 [ERROR]] can't open "/home/vito/Source/github/wonder-color/pics" for output: is a directory
Backtrace for: #<SB-THREAD:THREAD "hunchentoot-worker-127.0.0.1:44359" RUNNING {1007437F13}>
0: ((LAMBDA NIL :IN SB-DEBUG::FUNCALL-WITH-DEBUG-IO-SYNTAX))
1: (SB-IMPL::CALL-WITH-SANE-IO-SYNTAX #<CLOSURE (LAMBDA NIL :IN SB-DEBUG::FUNCALL-WITH-DEBUG-IO-SYNTAX) {1007EA972B}>)
2: (SB-IMPL::%WITH-STANDARD-IO-SYNTAX #<CLOSURE (LAMBDA NIL :IN SB-DEBUG::FUNCALL-WITH-DEBUG-IO-SYNTAX) {1007EA96FB}>)
3: (PRINT-BACKTRACE :STREAM #<SB-IMPL::STRING-OUTPUT-STREAM {1007EA9633}> :START 0 :FROM :DEBUGGER-FRAME :COUNT 4611686018427387903 :PRINT-THREAD T :PRINT-FRAME-SOURCE NIL :METHOD-FRAME-STYLE NIL)
4: (TRIVIAL-BACKTRACE:PRINT-BACKTRACE-TO-STREAM #<SB-IMPL::STRING-OUTPUT-STREAM {1007EA9633}>)
5: (HUNCHENTOOT::GET-BACKTRACE)
6: ((FLET #:LAMBDA1063 :IN HUNCHENTOOT:HANDLE-REQUEST) #<SB-INT:SIMPLE-FILE-ERROR "can't open ~S for output: is a directory" {1007D5B1C3}>)
7: (SIGNAL #<SB-INT:SIMPLE-FILE-ERROR "can't open ~S for output: is a directory" {1007D5B1C3}>)
8: (ERROR SB-INT:SIMPLE-FILE-ERROR :PATHNAME #P"/home/vito/Source/github/wonder-color/pics/" :FORMAT-CONTROL "can't open ~S for output: is a directory" :FORMAT-ARGUMENTS ("/home/vito/Source/github/wonder-color/pics"))
9: (OPEN "pics/" :DIRECTION :OUTPUT :ELEMENT-TYPE (UNSIGNED-BYTE 8) :IF-EXISTS :RENAME-AND-DELETE :IF-DOES-NOT-EXIST :CREATE :EXTERNAL-FORMAT :DEFAULT)
10: (WONDER-COLOR::CONTROLLER-WONDER-PIC)
11: ((:METHOD HUNCHENTOOT:HANDLE-REQUEST (HUNCHENTOOT:ACCEPTOR HUNCHENTOOT:REQUEST)) #<HUNCHENTOOT:EASY-ACCEPTOR (host *, port 5001)> #<HUNCHENTOOT:REQUEST {10074ED5F3}>) [fast-method]
12: ((:METHOD HUNCHENTOOT:PROCESS-REQUEST (T)) #<HUNCHENTOOT:REQUEST {10074ED5F3}>) [fast-method]
13: (HUNCHENTOOT::DO-WITH-ACCEPTOR-REQUEST-COUNT-INCREMENTED #<HUNCHENTOOT:EASY-ACCEPTOR (host *, port 5001)> #<CLOSURE (LAMBDA NIL :IN HUNCHENTOOT:PROCESS-CONNECTION) {10074DFB4B}>)
14: ((:METHOD HUNCHENTOOT:PROCESS-CONNECTION (HUNCHENTOOT:ACCEPTOR T)) #<HUNCHENTOOT:EASY-ACCEPTOR (host *, port 5001)> #<USOCKET:STREAM-USOCKET {1007307B63}>) [fast-method]
15: ((:METHOD HUNCHENTOOT:PROCESS-CONNECTION :AROUND (HUNCHENTOOT:ACCEPTOR T)) #<HUNCHENTOOT:EASY-ACCEPTOR (host *, port 5001)> #<USOCKET:STREAM-USOCKET {1007307B63}>) [fast-method]
16: ((FLET HUNCHENTOOT::PROCESS-CONNECTION% :IN HUNCHENTOOT::HANDLE-INCOMING-CONNECTION%) #<HUNCHENTOOT:EASY-ACCEPTOR (host *, port 5001)> #<USOCKET:STREAM-USOCKET {1007307B63}>)
17: ((LAMBDA NIL :IN BORDEAUX-THREADS::BINDING-DEFAULT-SPECIALS))
18: ((FLET #:WITHOUT-INTERRUPTS-BODY-1226 :IN SB-THREAD::INITIAL-THREAD-FUNCTION-TRAMPOLINE))
19: ((FLET SB-THREAD::WITH-MUTEX-THUNK :IN SB-THREAD::INITIAL-THREAD-FUNCTION-TRAMPOLINE))
20: ((FLET #:WITHOUT-INTERRUPTS-BODY-660 :IN SB-THREAD::CALL-WITH-MUTEX))
21: (SB-THREAD::CALL-WITH-MUTEX #<CLOSURE (FLET SB-THREAD::WITH-MUTEX-THUNK :IN SB-THREAD::INITIAL-THREAD-FUNCTION-TRAMPOLINE) {7FFFF5E9EC9B}> #<SB-THREAD:MUTEX "thread result lock" owner: #<SB-THREAD:THREAD "hunchentoot-worker-127.0.0.1:44359" RUNNING {1007437F13}>> NIL T NIL)
22: (SB-THREAD::INITIAL-THREAD-FUNCTION-TRAMPOLINE #<SB-THREAD:THREAD "hunchentoot-worker-127.0.0.1:44359" RUNNING {1007437F13}> #S(SB-THREAD:SEMAPHORE :NAME "Thread setup semaphore" :%COUNT 0 :WAITCOUNT 0 :MUTEX #<SB-THREAD:MUTEX (free) {1007437F83}> :QUEUE #<SB-THREAD:WAITQUEUE  {1007437FB3}>) #<CLOSURE (LAMBDA NIL :IN BORDEAUX-THREADS::BINDING-DEFAULT-SPECIALS) {1007427FEB}> NIL NIL NIL NIL)
23: ("foreign function: call_into_lisp")
24: ("foreign function: new_thread_trampoline")

[2015-09-28 17:52:36 [ERROR]] can't open "/home/vito/Source/github/wonder-color/pics" for output: is a directory
Backtrace for: #<SB-THREAD:THREAD "hunchentoot-worker-127.0.0.1:44387" RUNNING {1002F4E0C3}>
0: ((LAMBDA NIL :IN SB-DEBUG::FUNCALL-WITH-DEBUG-IO-SYNTAX))
1: (SB-IMPL::CALL-WITH-SANE-IO-SYNTAX #<CLOSURE (LAMBDA NIL :IN SB-DEBUG::FUNCALL-WITH-DEBUG-IO-SYNTAX) {100718B3FB}>)
2: (SB-IMPL::%WITH-STANDARD-IO-SYNTAX #<CLOSURE (LAMBDA NIL :IN SB-DEBUG::FUNCALL-WITH-DEBUG-IO-SYNTAX) {100718B3CB}>)
3: (PRINT-BACKTRACE :STREAM #<SB-IMPL::STRING-OUTPUT-STREAM {100718B303}> :START 0 :FROM :DEBUGGER-FRAME :COUNT 4611686018427387903 :PRINT-THREAD T :PRINT-FRAME-SOURCE NIL :METHOD-FRAME-STYLE NIL)
4: (TRIVIAL-BACKTRACE:PRINT-BACKTRACE-TO-STREAM #<SB-IMPL::STRING-OUTPUT-STREAM {100718B303}>)
5: (HUNCHENTOOT::GET-BACKTRACE)
6: ((FLET #:LAMBDA1063 :IN HUNCHENTOOT:HANDLE-REQUEST) #<SB-INT:SIMPLE-FILE-ERROR "can't open ~S for output: is a directory" {100718B1C3}>)
7: (SIGNAL #<SB-INT:SIMPLE-FILE-ERROR "can't open ~S for output: is a directory" {100718B1C3}>)
8: (ERROR SB-INT:SIMPLE-FILE-ERROR :PATHNAME #P"/home/vito/Source/github/wonder-color/pics/" :FORMAT-CONTROL "can't open ~S for output: is a directory" :FORMAT-ARGUMENTS ("/home/vito/Source/github/wonder-color/pics"))
9: (OPEN "pics/" :DIRECTION :OUTPUT :ELEMENT-TYPE (UNSIGNED-BYTE 8) :IF-EXISTS :RENAME-AND-DELETE :IF-DOES-NOT-EXIST :CREATE :EXTERNAL-FORMAT :DEFAULT)
10: (WONDER-COLOR::CONTROLLER-WONDER-PIC)
11: ((:METHOD HUNCHENTOOT:HANDLE-REQUEST (HUNCHENTOOT:ACCEPTOR HUNCHENTOOT:REQUEST)) #<HUNCHENTOOT:EASY-ACCEPTOR (host *, port 5001)> #<HUNCHENTOOT:REQUEST {1002FB30E3}>) [fast-method]
12: ((:METHOD HUNCHENTOOT:PROCESS-REQUEST (T)) #<HUNCHENTOOT:REQUEST {1002FB30E3}>) [fast-method]
13: (HUNCHENTOOT::DO-WITH-ACCEPTOR-REQUEST-COUNT-INCREMENTED #<HUNCHENTOOT:EASY-ACCEPTOR (host *, port 5001)> #<CLOSURE (LAMBDA NIL :IN HUNCHENTOOT:PROCESS-CONNECTION) {1002FB23EB}>)
14: ((:METHOD HUNCHENTOOT:PROCESS-CONNECTION (HUNCHENTOOT:ACCEPTOR T)) #<HUNCHENTOOT:EASY-ACCEPTOR (host *, port 5001)> #<USOCKET:STREAM-USOCKET {1002E07DE3}>) [fast-method]
15: ((:METHOD HUNCHENTOOT:PROCESS-CONNECTION :AROUND (HUNCHENTOOT:ACCEPTOR T)) #<HUNCHENTOOT:EASY-ACCEPTOR (host *, port 5001)> #<USOCKET:STREAM-USOCKET {1002E07DE3}>) [fast-method]
16: ((FLET HUNCHENTOOT::PROCESS-CONNECTION% :IN HUNCHENTOOT::HANDLE-INCOMING-CONNECTION%) #<HUNCHENTOOT:EASY-ACCEPTOR (host *, port 5001)> #<USOCKET:STREAM-USOCKET {1002E07DE3}>)
17: ((LAMBDA NIL :IN BORDEAUX-THREADS::BINDING-DEFAULT-SPECIALS))
18: ((FLET #:WITHOUT-INTERRUPTS-BODY-1226 :IN SB-THREAD::INITIAL-THREAD-FUNCTION-TRAMPOLINE))
19: ((FLET SB-THREAD::WITH-MUTEX-THUNK :IN SB-THREAD::INITIAL-THREAD-FUNCTION-TRAMPOLINE))
20: ((FLET #:WITHOUT-INTERRUPTS-BODY-660 :IN SB-THREAD::CALL-WITH-MUTEX))
21: (SB-THREAD::CALL-WITH-MUTEX #<CLOSURE (FLET SB-THREAD::WITH-MUTEX-THUNK :IN SB-THREAD::INITIAL-THREAD-FUNCTION-TRAMPOLINE) {7FFFEF57EC9B}> #<SB-THREAD:MUTEX "thread result lock" owner: #<SB-THREAD:THREAD "hunchentoot-worker-127.0.0.1:44387" RUNNING {1002F4E0C3}>> NIL T NIL)
22: (SB-THREAD::INITIAL-THREAD-FUNCTION-TRAMPOLINE #<SB-THREAD:THREAD "hunchentoot-worker-127.0.0.1:44387" RUNNING {1002F4E0C3}> #S(SB-THREAD:SEMAPHORE :NAME "Thread setup semaphore" :%COUNT 0 :WAITCOUNT 0 :MUTEX #<SB-THREAD:MUTEX (free) {1002F4E133}> :QUEUE #<SB-THREAD:WAITQUEUE  {1002F4E163}>) #<CLOSURE (LAMBDA NIL :IN BORDEAUX-THREADS::BINDING-DEFAULT-SPECIALS) {1002F4E04B}> NIL NIL NIL NIL)
23: ("foreign function: call_into_lisp")
24: ("foreign function: new_thread_trampoline")

